# JRE version: OpenJDK Runtime Environment (8.0_242-b01) (build 1.8.0_242-release-1644-b01)
# Java VM: OpenJDK 64-Bit Server VM (25.242-b01 mixed mode windows-amd64 compressed oops)
Heap:
 PSYoungGen      total 256512K, used 180667K [0x00000000e0000000, 0x00000000f2680000, 0x0000000100000000)
  eden space 230400K, 67% used [0x00000000e0000000,0x00000000e9722300,0x00000000ee100000)
  from space 26112K, 99% used [0x00000000f0d00000,0x00000000f264cac8,0x00000000f2680000)
  to   space 30720K, 0% used [0x00000000eea80000,0x00000000eea80000,0x00000000f0880000)
 ParOldGen       total 137728K, used 55749K [0x00000000a0000000, 0x00000000a8680000, 0x00000000e0000000)
  object space 137728K, 40% used [0x00000000a0000000,0x00000000a3671750,0x00000000a8680000)
 Metaspace       used 74669K, capacity 77378K, committed 77480K, reserved 1116160K
  class space    used 9913K, capacity 10617K, committed 10672K, reserved 1048576K
GC Heap History (10 events):
Event: 146.657 GC heap before
{Heap before GC invocations=23 (full 3):
 PSYoungGen      total 245760K, used 235808K [0x00000000e0000000, 0x00000000f0c80000, 0x0000000100000000)
  eden space 225792K, 100% used [0x00000000e0000000,0x00000000edc80000,0x00000000edc80000)
  from space 19968K, 50% used [0x00000000edc80000,0x00000000ee648020,0x00000000ef000000)
  to   space 18944K, 0% used [0x00000000efa00000,0x00000000efa00000,0x00000000f0c80000)
 ParOldGen       total 137728K, used 49145K [0x00000000a0000000, 0x00000000a8680000, 0x00000000e0000000)
  object space 137728K, 35% used [0x00000000a0000000,0x00000000a2ffe4b0,0x00000000a8680000)
 Metaspace       used 71362K, capacity 73900K, committed 74280K, reserved 1114112K
  class space    used 9505K, capacity 10175K, committed 10288K, reserved 1048576K
Event: 146.680 GC heap after
Heap after GC invocations=23 (full 3):
 PSYoungGen      total 253952K, used 17395K [0x00000000e0000000, 0x00000000f0e80000, 0x0000000100000000)
  eden space 235008K, 0% used [0x00000000e0000000,0x00000000e0000000,0x00000000ee580000)
  from space 18944K, 91% used [0x00000000efa00000,0x00000000f0afcc70,0x00000000f0c80000)
  to   space 20992K, 0% used [0x00000000ee580000,0x00000000ee580000,0x00000000efa00000)
 ParOldGen       total 137728K, used 49153K [0x00000000a0000000, 0x00000000a8680000, 0x00000000e0000000)
  object space 137728K, 35% used [0x00000000a0000000,0x00000000a30004b0,0x00000000a8680000)
 Metaspace       used 71362K, capacity 73900K, committed 74280K, reserved 1114112K
  class space    used 9505K, capacity 10175K, committed 10288K, reserved 1048576K
}
Event: 174.868 GC heap before
{Heap before GC invocations=24 (full 3):
 PSYoungGen      total 253952K, used 252403K [0x00000000e0000000, 0x00000000f0e80000, 0x0000000100000000)
  eden space 235008K, 100% used [0x00000000e0000000,0x00000000ee580000,0x00000000ee580000)
  from space 18944K, 91% used [0x00000000efa00000,0x00000000f0afcc70,0x00000000f0c80000)
  to   space 20992K, 0% used [0x00000000ee580000,0x00000000ee580000,0x00000000efa00000)
 ParOldGen       total 137728K, used 49153K [0x00000000a0000000, 0x00000000a8680000, 0x00000000e0000000)
  object space 137728K, 35% used [0x00000000a0000000,0x00000000a30004b0,0x00000000a8680000)
 Metaspace       used 71363K, capacity 73900K, committed 74280K, reserved 1114112K
  class space    used 9505K, capacity 10175K, committed 10288K, reserved 1048576K
Event: 174.903 GC heap after
Heap after GC invocations=24 (full 3):
 PSYoungGen      total 256000K, used 14522K [0x00000000e0000000, 0x00000000f1700000, 0x0000000100000000)
  eden space 235008K, 0% used [0x00000000e0000000,0x00000000e0000000,0x00000000ee580000)
  from space 20992K, 69% used [0x00000000ee580000,0x00000000ef3aea20,0x00000000efa00000)
  to   space 20992K, 0% used [0x00000000f0280000,0x00000000f0280000,0x00000000f1700000)
 ParOldGen       total 137728K, used 49153K [0x00000000a0000000, 0x00000000a8680000, 0x00000000e0000000)
  object space 137728K, 35% used [0x00000000a0000000,0x00000000a30004b0,0x00000000a8680000)
 Metaspace       used 71363K, capacity 73900K, committed 74280K, reserved 1114112K
  class space    used 9505K, capacity 10175K, committed 10288K, reserved 1048576K
}
Event: 184.010 GC heap before
{Heap before GC invocations=25 (full 3):
 PSYoungGen      total 256000K, used 249530K [0x00000000e0000000, 0x00000000f1700000, 0x0000000100000000)
  eden space 235008K, 100% used [0x00000000e0000000,0x00000000ee580000,0x00000000ee580000)
  from space 20992K, 69% used [0x00000000ee580000,0x00000000ef3aea20,0x00000000efa00000)
  to   space 20992K, 0% used [0x00000000f0280000,0x00000000f0280000,0x00000000f1700000)
 ParOldGen       total 137728K, used 49153K [0x00000000a0000000, 0x00000000a8680000, 0x00000000e0000000)
  object space 137728K, 35% used [0x00000000a0000000,0x00000000a30004b0,0x00000000a8680000)
 Metaspace       used 71363K, capacity 73900K, committed 74280K, reserved 1114112K
  class space    used 9505K, capacity 10175K, committed 10288K, reserved 1048576K
Event: 184.042 GC heap after
Heap after GC invocations=25 (full 3):
 PSYoungGen      total 259584K, used 20985K [0x00000000e0000000, 0x00000000f2180000, 0x0000000100000000)
  eden space 238592K, 0% used [0x00000000e0000000,0x00000000e0000000,0x00000000ee900000)
  from space 20992K, 99% used [0x00000000f0280000,0x00000000f16fe7f0,0x00000000f1700000)
  to   space 26112K, 0% used [0x00000000ee900000,0x00000000ee900000,0x00000000f0280000)
 ParOldGen       total 137728K, used 55293K [0x00000000a0000000, 0x00000000a8680000, 0x00000000e0000000)
  object space 137728K, 40% used [0x00000000a0000000,0x00000000a35ff740,0x00000000a8680000)
 Metaspace       used 71363K, capacity 73900K, committed 74280K, reserved 1114112K
  class space    used 9505K, capacity 10175K, committed 10288K, reserved 1048576K
}
Event: 190.791 GC heap before
{Heap before GC invocations=26 (full 3):
 PSYoungGen      total 259584K, used 259577K [0x00000000e0000000, 0x00000000f2180000, 0x0000000100000000)
  eden space 238592K, 100% used [0x00000000e0000000,0x00000000ee900000,0x00000000ee900000)
  from space 20992K, 99% used [0x00000000f0280000,0x00000000f16fe7f0,0x00000000f1700000)
  to   space 26112K, 0% used [0x00000000ee900000,0x00000000ee900000,0x00000000f0280000)
 ParOldGen       total 137728K, used 55293K [0x00000000a0000000, 0x00000000a8680000, 0x00000000e0000000)
  object space 137728K, 40% used [0x00000000a0000000,0x00000000a35ff740,0x00000000a8680000)
 Metaspace       used 71364K, capacity 73900K, committed 74280K, reserved 1114112K
  class space    used 9505K, capacity 10175K, committed 10288K, reserved 1048576K
Event: 190.808 GC heap after
Heap after GC invocations=26 (full 3):
 PSYoungGen      total 264704K, used 20921K [0x00000000e0000000, 0x00000000f2800000, 0x0000000100000000)
  eden space 238592K, 0% used [0x00000000e0000000,0x00000000e0000000,0x00000000ee900000)
  from space 26112K, 80% used [0x00000000ee900000,0x00000000efd6e7e0,0x00000000f0280000)
  to   space 27648K, 0% used [0x00000000f0d00000,0x00000000f0d00000,0x00000000f2800000)
 ParOldGen       total 137728K, used 55741K [0x00000000a0000000, 0x00000000a8680000, 0x00000000e0000000)
  object space 137728K, 40% used [0x00000000a0000000,0x00000000a366f750,0x00000000a8680000)
 Metaspace       used 71364K, capacity 73900K, committed 74280K, reserved 1114112K
  class space    used 9505K, capacity 10175K, committed 10288K, reserved 1048576K
}
Event: 199.619 GC heap before
{Heap before GC invocations=27 (full 3):
 PSYoungGen      total 264704K, used 259204K [0x00000000e0000000, 0x00000000f2800000, 0x0000000100000000)
  eden space 238592K, 99% used [0x00000000e0000000,0x00000000ee8b2950,0x00000000ee900000)
  from space 26112K, 80% used [0x00000000ee900000,0x00000000efd6e7e0,0x00000000f0280000)
  to   space 27648K, 0% used [0x00000000f0d00000,0x00000000f0d00000,0x00000000f2800000)
 ParOldGen       total 137728K, used 55741K [0x00000000a0000000, 0x00000000a8680000, 0x00000000e0000000)
  object space 137728K, 40% used [0x00000000a0000000,0x00000000a366f750,0x00000000a8680000)
 Metaspace       used 72761K, capacity 75412K, committed 75688K, reserved 1114112K
  class space    used 9709K, capacity 10389K, committed 10416K, reserved 1048576K
Event: 199.650 GC heap after
Heap after GC invocations=27 (full 3):
 PSYoungGen      total 256512K, used 25906K [0x00000000e0000000, 0x00000000f2680000, 0x0000000100000000)
  eden space 230400K, 0% used [0x00000000e0000000,0x00000000e0000000,0x00000000ee100000)
  from space 26112K, 99% used [0x00000000f0d00000,0x00000000f264cac8,0x00000000f2680000)
  to   space 30720K, 0% used [0x00000000eea80000,0x00000000eea80000,0x00000000f0880000)
 ParOldGen       total 137728K, used 55749K [0x00000000a0000000, 0x00000000a8680000, 0x00000000e0000000)
  object space 137728K, 40% used [0x00000000a0000000,0x00000000a3671750,0x00000000a8680000)
 Metaspace       used 72761K, capacity 75412K, committed 75688K, reserved 1114112K
  class space    used 9709K, capacity 10389K, committed 10416K, reserved 1048576K
}

