# JRE version: OpenJDK Runtime Environment (8.0_242-b01) (build 1.8.0_242-release-1644-b01)
# Java VM: OpenJDK 64-Bit Server VM (25.242-b01 mixed mode windows-amd64 compressed oops)
Heap:
 PSYoungGen      total 277504K, used 92386K [0x00000000e0000000, 0x00000000f2280000, 0x0000000100000000)
  eden space 263680K, 31% used [0x00000000e0000000,0x00000000e5078e40,0x00000000f0180000)
  from space 13824K, 72% used [0x00000000f1500000,0x00000000f1ebfc90,0x00000000f2280000)
  to   space 16896K, 0% used [0x00000000f0180000,0x00000000f0180000,0x00000000f1200000)
 ParOldGen       total 133632K, used 33238K [0x00000000a0000000, 0x00000000a8280000, 0x00000000e0000000)
  object space 133632K, 24% used [0x00000000a0000000,0x00000000a2075930,0x00000000a8280000)
 Metaspace       used 65014K, capacity 67014K, committed 67352K, reserved 1107968K
  class space    used 8351K, capacity 8909K, committed 9008K, reserved 1048576K
GC Heap History (10 events):
Event: 185.844 GC heap before
{Heap before GC invocations=23 (full 2):
 PSYoungGen      total 218112K, used 76571K [0x00000000e0000000, 0x00000000eea00000, 0x0000000100000000)
  eden space 207872K, 31% used [0x00000000e0000000,0x00000000e40cd840,0x00000000ecb00000)
  from space 10240K, 99% used [0x00000000ede80000,0x00000000ee879500,0x00000000ee880000)
  to   space 15872K, 0% used [0x00000000ecb00000,0x00000000ecb00000,0x00000000eda80000)
 ParOldGen       total 90624K, used 28114K [0x00000000a0000000, 0x00000000a5880000, 0x00000000e0000000)
  object space 90624K, 31% used [0x00000000a0000000,0x00000000a1b748a0,0x00000000a5880000)
 Metaspace       used 57710K, capacity 59084K, committed 59160K, reserved 1101824K
  class space    used 7252K, capacity 7654K, committed 7728K, reserved 1048576K
Event: 185.859 GC heap after
Heap after GC invocations=23 (full 2):
 PSYoungGen      total 223744K, used 12906K [0x00000000e0000000, 0x00000000f0880000, 0x0000000100000000)
  eden space 207872K, 0% used [0x00000000e0000000,0x00000000e0000000,0x00000000ecb00000)
  from space 15872K, 81% used [0x00000000ecb00000,0x00000000ed79a820,0x00000000eda80000)
  to   space 16896K, 0% used [0x00000000ef800000,0x00000000ef800000,0x00000000f0880000)
 ParOldGen       total 90624K, used 29076K [0x00000000a0000000, 0x00000000a5880000, 0x00000000e0000000)
  object space 90624K, 32% used [0x00000000a0000000,0x00000000a1c651d0,0x00000000a5880000)
 Metaspace       used 57710K, capacity 59084K, committed 59160K, reserved 1101824K
  class space    used 7252K, capacity 7654K, committed 7728K, reserved 1048576K
}
Event: 185.859 GC heap before
{Heap before GC invocations=24 (full 3):
 PSYoungGen      total 223744K, used 12906K [0x00000000e0000000, 0x00000000f0880000, 0x0000000100000000)
  eden space 207872K, 0% used [0x00000000e0000000,0x00000000e0000000,0x00000000ecb00000)
  from space 15872K, 81% used [0x00000000ecb00000,0x00000000ed79a820,0x00000000eda80000)
  to   space 16896K, 0% used [0x00000000ef800000,0x00000000ef800000,0x00000000f0880000)
 ParOldGen       total 90624K, used 29076K [0x00000000a0000000, 0x00000000a5880000, 0x00000000e0000000)
  object space 90624K, 32% used [0x00000000a0000000,0x00000000a1c651d0,0x00000000a5880000)
 Metaspace       used 57710K, capacity 59084K, committed 59160K, reserved 1101824K
  class space    used 7252K, capacity 7654K, committed 7728K, reserved 1048576K
Event: 186.104 GC heap after
Heap after GC invocations=24 (full 3):
 PSYoungGen      total 223744K, used 0K [0x00000000e0000000, 0x00000000f0880000, 0x0000000100000000)
  eden space 207872K, 0% used [0x00000000e0000000,0x00000000e0000000,0x00000000ecb00000)
  from space 15872K, 0% used [0x00000000ecb00000,0x00000000ecb00000,0x00000000eda80000)
  to   space 16896K, 0% used [0x00000000ef800000,0x00000000ef800000,0x00000000f0880000)
 ParOldGen       total 133632K, used 33238K [0x00000000a0000000, 0x00000000a8280000, 0x00000000e0000000)
  object space 133632K, 24% used [0x00000000a0000000,0x00000000a2075930,0x00000000a8280000)
 Metaspace       used 57305K, capacity 58462K, committed 59160K, reserved 1101824K
  class space    used 7169K, capacity 7528K, committed 7728K, reserved 1048576K
}
Event: 201.386 GC heap before
{Heap before GC invocations=25 (full 3):
 PSYoungGen      total 223744K, used 207872K [0x00000000e0000000, 0x00000000f0880000, 0x0000000100000000)
  eden space 207872K, 100% used [0x00000000e0000000,0x00000000ecb00000,0x00000000ecb00000)
  from space 15872K, 0% used [0x00000000ecb00000,0x00000000ecb00000,0x00000000eda80000)
  to   space 16896K, 0% used [0x00000000ef800000,0x00000000ef800000,0x00000000f0880000)
 ParOldGen       total 133632K, used 33238K [0x00000000a0000000, 0x00000000a8280000, 0x00000000e0000000)
  object space 133632K, 24% used [0x00000000a0000000,0x00000000a2075930,0x00000000a8280000)
 Metaspace       used 64924K, capacity 66808K, committed 67096K, reserved 1107968K
  class space    used 8344K, capacity 8906K, committed 9008K, reserved 1048576K
Event: 201.424 GC heap after
Heap after GC invocations=25 (full 3):
 PSYoungGen      total 252416K, used 16090K [0x00000000e0000000, 0x00000000f0e00000, 0x0000000100000000)
  eden space 235520K, 0% used [0x00000000e0000000,0x00000000e0000000,0x00000000ee600000)
  from space 16896K, 95% used [0x00000000ef800000,0x00000000f07b6a00,0x00000000f0880000)
  to   space 18432K, 0% used [0x00000000ee600000,0x00000000ee600000,0x00000000ef800000)
 ParOldGen       total 133632K, used 33238K [0x00000000a0000000, 0x00000000a8280000, 0x00000000e0000000)
  object space 133632K, 24% used [0x00000000a0000000,0x00000000a2075930,0x00000000a8280000)
 Metaspace       used 64924K, capacity 66808K, committed 67096K, reserved 1107968K
  class space    used 8344K, capacity 8906K, committed 9008K, reserved 1048576K
}
Event: 225.802 GC heap before
{Heap before GC invocations=26 (full 3):
 PSYoungGen      total 252416K, used 251610K [0x00000000e0000000, 0x00000000f0e00000, 0x0000000100000000)
  eden space 235520K, 100% used [0x00000000e0000000,0x00000000ee600000,0x00000000ee600000)
  from space 16896K, 95% used [0x00000000ef800000,0x00000000f07b6a00,0x00000000f0880000)
  to   space 18432K, 0% used [0x00000000ee600000,0x00000000ee600000,0x00000000ef800000)
 ParOldGen       total 133632K, used 33238K [0x00000000a0000000, 0x00000000a8280000, 0x00000000e0000000)
  object space 133632K, 24% used [0x00000000a0000000,0x00000000a2075930,0x00000000a8280000)
 Metaspace       used 64936K, capacity 66878K, committed 67096K, reserved 1107968K
  class space    used 8346K, capacity 8907K, committed 9008K, reserved 1048576K
Event: 225.813 GC heap after
Heap after GC invocations=26 (full 3):
 PSYoungGen      total 253952K, used 9727K [0x00000000e0000000, 0x00000000f2680000, 0x0000000100000000)
  eden space 235520K, 0% used [0x00000000e0000000,0x00000000e0000000,0x00000000ee600000)
  from space 18432K, 52% used [0x00000000ee600000,0x00000000eef7fed0,0x00000000ef800000)
  to   space 17920K, 0% used [0x00000000f1500000,0x00000000f1500000,0x00000000f2680000)
 ParOldGen       total 133632K, used 33238K [0x00000000a0000000, 0x00000000a8280000, 0x00000000e0000000)
  object space 133632K, 24% used [0x00000000a0000000,0x00000000a2075930,0x00000000a8280000)
 Metaspace       used 64936K, capacity 66878K, committed 67096K, reserved 1107968K
  class space    used 8346K, capacity 8907K, committed 9008K, reserved 1048576K
}
Event: 228.191 GC heap before
{Heap before GC invocations=27 (full 3):
 PSYoungGen      total 253952K, used 245247K [0x00000000e0000000, 0x00000000f2680000, 0x0000000100000000)
  eden space 235520K, 100% used [0x00000000e0000000,0x00000000ee600000,0x00000000ee600000)
  from space 18432K, 52% used [0x00000000ee600000,0x00000000eef7fed0,0x00000000ef800000)
  to   space 17920K, 0% used [0x00000000f1500000,0x00000000f1500000,0x00000000f2680000)
 ParOldGen       total 133632K, used 33238K [0x00000000a0000000, 0x00000000a8280000, 0x00000000e0000000)
  object space 133632K, 24% used [0x00000000a0000000,0x00000000a2075930,0x00000000a8280000)
 Metaspace       used 64952K, capacity 66884K, committed 67096K, reserved 1107968K
  class space    used 8346K, capacity 8908K, committed 9008K, reserved 1048576K
Event: 228.202 GC heap after
Heap after GC invocations=27 (full 3):
 PSYoungGen      total 277504K, used 9983K [0x00000000e0000000, 0x00000000f2280000, 0x0000000100000000)
  eden space 263680K, 0% used [0x00000000e0000000,0x00000000e0000000,0x00000000f0180000)
  from space 13824K, 72% used [0x00000000f1500000,0x00000000f1ebfc90,0x00000000f2280000)
  to   space 16896K, 0% used [0x00000000f0180000,0x00000000f0180000,0x00000000f1200000)
 ParOldGen       total 133632K, used 33238K [0x00000000a0000000, 0x00000000a8280000, 0x00000000e0000000)
  object space 133632K, 24% used [0x00000000a0000000,0x00000000a2075930,0x00000000a8280000)
 Metaspace       used 64952K, capacity 66884K, committed 67096K, reserved 1107968K
  class space    used 8346K, capacity 8908K, committed 9008K, reserved 1048576K
}

